Report by: Helmi Yatim
Transaction Count Report


State      Transaction Count
VT         1         
MA         9         
NV         22        
MD         11        
AZ         22        
HI         4         
CO         32        
NY         59        
KS         21        
MI         22        
CT         9         
WA         30        
KY         30        
MN         32        
GA         40        
MO         21        
UT         6         
WI         8         
MS         4         
MT         2         
LA         29        
OH         51        
OK         18        
DC         48        
DE         2         
IA         13        
ID         4         
OR         14        
VA         49        
TN         14        
WV         15        
NC         21        
ND         1         
NE         9         
IL         21        
NH         2         
SC         12        
AK         6         
IN         24        
AL         24        
SD         3         
NJ         21        
TX         131       
CA         101       
NM         10        
PA         29        
FL         96        
AR         5         
